<?xml version="1.0" encoding="UTF-8"?>
<!-- Generated by org.testng.reporters.JUnitReportReporter -->
<testsuite hostname="DESKTOP-3F5E7VB" failures="0" tests="1" name="com.edureka.testng.UserModuleScripts" time="0.000" errors="0" timestamp="9 Jul 2019 13:39:48 GMT">
  <testcase classname="com.edureka.testng.UserModuleScripts" name="createUser" time="0.000"/>
</testsuite> <!-- com.edureka.testng.UserModuleScripts -->
