<?xml version="1.0" encoding="UTF-8"?>
<!-- Generated by org.testng.reporters.JUnitReportReporter -->
<testsuite hostname="DESKTOP-3F5E7VB" failures="0" tests="1" name="com.edureka.testng.AssertionDemo" time="19.323" errors="0" timestamp="10 Jul 2019 14:37:07 GMT">
  <testcase classname="com.edureka.testng.AssertionDemo" name="loginToGmail" time="19.323"/>
</testsuite> <!-- com.edureka.testng.AssertionDemo -->
