<?xml version="1.0" encoding="UTF-8"?>
<!-- Generated by org.testng.reporters.JUnitReportReporter -->
<testsuite hostname="DESKTOP-3F5E7VB" failures="0" tests="1" name="com.edureka.testng.MyfirstTestngClass" time="0.016" errors="0" timestamp="9 Jul 2019 11:47:49 GMT">
  <testcase classname="com.edureka.testng.MyfirstTestngClass" name="display" time="0.016"/>
</testsuite> <!-- com.edureka.testng.MyfirstTestngClass -->
